<?xml version="1.0" encoding="UTF-8"?>
<!-- Generated by org.testng.reporters.JUnitReportReporter -->
<testsuite skipped="0" hostname="SYSTEM-72" name="com.compensationItems.CompItemGroupsTest" tests="1" failures="0" timestamp="02 Oct 2019 05:58:31 GMT" time="10.054" errors="0">
  <testcase name="submitAnexistingCompensationGroupAndVerifyErrorMessage" time="10.054" classname="com.compensationItems.CompItemGroupsTest"/>
</testsuite> <!-- com.compensationItems.CompItemGroupsTest -->
