<?xml version="1.0" encoding="UTF-8"?>
<!-- Generated by org.testng.reporters.JUnitReportReporter -->
<testsuite skipped="1" hostname="SYSTEM-72" name="com.newHire.NewHireTestToyota" tests="2" failures="0" timestamp="26 Aug 2020 11:53:19 GMT" time="90.284" errors="0">
  <testcase name="submitNewHireFormAndValidate" time="90.284" classname="com.newHire.NewHireTestToyota"/>
  <testcase name="submitCovidFormAndVerify" classname="com.newHire.NewHireTestToyota">
    <skipped/>
  </testcase> <!-- submitCovidFormAndVerify -->
</testsuite> <!-- com.newHire.NewHireTestToyota -->
