<?xml version="1.0" encoding="UTF-8"?>
<!-- Generated by org.testng.reporters.JUnitReportReporter -->
<testsuite skipped="0" hostname="SYSTEM-72" name="com.leave.LeaveTestToyota" tests="1" failures="0" timestamp="14 Oct 2020 10:52:53 GMT" time="7.365" errors="0">
  <testcase name="viewLeaveBalanceAndVerify" time="7.365" classname="com.leave.LeaveTestToyota"/>
</testsuite> <!-- com.leave.LeaveTestToyota -->
