<?xml version="1.0" encoding="UTF-8"?>
<!-- Generated by org.testng.reporters.JUnitReportReporter -->
<testsuite skipped="0" hostname="SYSTEM-72" name="com.newHire.NewHireTestIPE" tests="1" failures="0" timestamp="19 Jun 2020 05:37:29 GMT" time="86.204" errors="0">
  <testcase name="submitNewHireFormAndValidate" time="86.204" classname="com.newHire.NewHireTestIPE"/>
</testsuite> <!-- com.newHire.NewHireTestIPE -->
