<?xml version="1.0" encoding="UTF-8"?>
<!-- Generated by org.testng.reporters.JUnitReportReporter -->
<testsuite skipped="0" hostname="SYSTEM-72" name="com.leave.employee.EmpLeaveApplyTestToyota" tests="2" failures="0" timestamp="14 Oct 2020 05:20:10 GMT" time="47.711" errors="0">
  <testcase name="ApplyAndApproveEL" time="27.573" classname="com.leave.employee.EmpLeaveApplyTestToyota"/>
  <testcase name="applyAndReject" time="20.138" classname="com.leave.employee.EmpLeaveApplyTestToyota"/>
</testsuite> <!-- com.leave.employee.EmpLeaveApplyTestToyota -->
