<?xml version="1.0" encoding="UTF-8"?>
<!-- Generated by org.testng.reporters.JUnitReportReporter -->
<testsuite skipped="0" hostname="SYSTEM-72" name="com.separation.AdminSeparationRequestTest" tests="1" failures="0" timestamp="25 Dec 2019 02:49:03 GMT" time="24.458" errors="0">
  <testcase name="submitSeparationRequest" time="24.458" classname="com.separation.AdminSeparationRequestTest"/>
</testsuite> <!-- com.separation.AdminSeparationRequestTest -->
