<?xml version="1.0" encoding="UTF-8"?>
<!-- Generated by org.testng.reporters.JUnitReportReporter -->
<testsuite skipped="0" hostname="SYSTEM-72" name="com.leave.EmpLeaveApplyTest" tests="1" failures="0" timestamp="13 Oct 2020 07:54:17 GMT" time="13.777" errors="0">
  <testcase name="ApplyAndApproveEL" time="13.777" classname="com.leave.EmpLeaveApplyTest"/>
</testsuite> <!-- com.leave.EmpLeaveApplyTest -->
