<?xml version="1.0" encoding="UTF-8"?>
<!-- Generated by org.testng.reporters.JUnitReportReporter -->
<testsuite skipped="1" hostname="SYSTEM-72" name="com.newHire.NewHireTest" tests="26" failures="1" timestamp="08 Oct 2019 04:11:49 GMT" time="149.681" errors="0">
  <testcase name="verifyErrorForNotPickingCountry" time="3.837" classname="com.newHire.NewHireTest"/>
  <testcase name="verifyErrorForNotPickingLocation" time="4.492" classname="com.newHire.NewHireTest"/>
  <testcase name="checkErrorForNotPickingEducationDetails" time="3.770" classname="com.newHire.NewHireTest"/>
  <testcase name="keepEmailIdSectionBlankAndVerifyError" time="4.200" classname="com.newHire.NewHireTest"/>
  <testcase name="verifyErrorMessageForKeepingFirstNameBlank" time="4.558" classname="com.newHire.NewHireTest"/>
  <testcase name="makeBothDOB_JoiningDateEqualAndverifyError" time="16.390" classname="com.newHire.NewHireTest"/>
  <testcase name="checkErrorForKeepingRelevantExpEditboxBlank" time="4.011" classname="com.newHire.NewHireTest"/>
  <testcase name="checkErrorForNotPickingGroupJoiningDate" time="3.369" classname="com.newHire.NewHireTest"/>
  <testcase name="checkErrorForKeepingCityOfBirthBlank" time="4.033" classname="com.newHire.NewHireTest"/>
  <testcase name="checkErrorMessageForNotPickingStateOfBirth" time="4.818" classname="com.newHire.NewHireTest"/>
  <testcase name="checkErrorForKeepingReferalSearchBoxBlank" time="4.805" classname="com.newHire.NewHireTest"/>
  <testcase name="checkErrorForNotSelectingMaritalStatus" time="3.699" classname="com.newHire.NewHireTest"/>
  <testcase name="checkErrorForNotPickingUniversityName" time="4.543" classname="com.newHire.NewHireTest"/>
  <testcase name="VerifyErrorForkeepingTitleWinBlank" time="3.449" classname="com.newHire.NewHireTest"/>
  <testcase name="checkErrorForNotPickingGender" time="4.428" classname="com.newHire.NewHireTest"/>
  <testcase name="enterExistEmployeeIdAndValidateErrorMessage" time="20.352" classname="com.newHire.NewHireTest"/>
  <testcase name="verifyErrorForNotPickingLegalEntity" time="4.994" classname="com.newHire.NewHireTest"/>
  <testcase name="verifyErrorMessageForNotPickingCountryOfBirth" time="4.612" classname="com.newHire.NewHireTest"/>
  <testcase name="checkErrorMessageForNotPickingDOB" time="3.969" classname="com.newHire.NewHireTest"/>
  <testcase name="clickAndverifyTitleDropdownValues" time="5.273" classname="com.newHire.NewHireTest"/>
  <testcase name="checkErrorForNotPickingCitizenShip" time="3.460" classname="com.newHire.NewHireTest"/>
  <testcase name="checkErrorMessageForEnteringExistingEmail" time="20.230" classname="com.newHire.NewHireTest">
    <failure type="java.lang.AssertionError" message="expected [Mail Id already Exists.] but found [The User Handle already exists in the system. Please correct.]">
      <![CDATA[java.lang.AssertionError: expected [Mail Id already Exists.] but found [The User Handle already exists in the system. Please correct.]
at org.testng.Assert.fail(Assert.java:96)
at org.testng.Assert.failNotEquals(Assert.java:776)
at org.testng.Assert.assertEqualsImpl(Assert.java:137)
at org.testng.Assert.assertEquals(Assert.java:118)
at org.testng.Assert.assertEquals(Assert.java:453)
at org.testng.Assert.assertEquals(Assert.java:463)
at com.newHire.NewHireTest.checkErrorMessageForEnteringExistingEmail(NewHireTest.java:389)
at sun.reflect.NativeMethodAccessorImpl.invoke0(Native Method)
at sun.reflect.NativeMethodAccessorImpl.invoke(Unknown Source)
at sun.reflect.DelegatingMethodAccessorImpl.invoke(Unknown Source)
at java.lang.reflect.Method.invoke(Unknown Source)
at org.testng.internal.MethodInvocationHelper.invokeMethod(MethodInvocationHelper.java:124)
at org.testng.internal.Invoker.invokeMethod(Invoker.java:583)
at org.testng.internal.Invoker.invokeTestMethod(Invoker.java:719)
at org.testng.internal.Invoker.invokeTestMethods(Invoker.java:989)
at org.testng.internal.TestMethodWorker.invokeTestMethods(TestMethodWorker.java:125)
at org.testng.internal.TestMethodWorker.run(TestMethodWorker.java:109)
at org.testng.TestRunner.privateRun(TestRunner.java:648)
at org.testng.TestRunner.run(TestRunner.java:505)
at org.testng.SuiteRunner.runTest(SuiteRunner.java:455)
at org.testng.SuiteRunner.runSequentially(SuiteRunner.java:450)
at org.testng.SuiteRunner.privateRun(SuiteRunner.java:415)
at org.testng.SuiteRunner.run(SuiteRunner.java:364)
at org.testng.SuiteRunnerWorker.runSuite(SuiteRunnerWorker.java:52)
at org.testng.SuiteRunnerWorker.run(SuiteRunnerWorker.java:84)
at org.testng.TestNG.runSuitesSequentially(TestNG.java:1208)
at org.testng.TestNG.runSuitesLocally(TestNG.java:1137)
at org.testng.TestNG.runSuites(TestNG.java:1049)
at org.testng.TestNG.run(TestNG.java:1017)
at org.testng.remote.AbstractRemoteTestNG.run(AbstractRemoteTestNG.java:115)
at org.testng.remote.RemoteTestNG.initAndRun(RemoteTestNG.java:251)
at org.testng.remote.RemoteTestNG.main(RemoteTestNG.java:77)
]]>
    </failure>
  </testcase> <!-- checkErrorMessageForEnteringExistingEmail -->
  <testcase name="makeEmployeeIdEditboxBlankAndValidateError" time="4.407" classname="com.newHire.NewHireTest"/>
  <testcase name="verifyErrorMessageForKeepingLastNameBlank" time="4.696" classname="com.newHire.NewHireTest"/>
  <testcase name="checkErrorForNotPickingJoiningDate" time="3.286" classname="com.newHire.NewHireTest"/>
  <testcase name="submitNewHireFormAndValidateActivateButton" classname="com.newHire.NewHireTest">
    <skipped/>
  </testcase> <!-- submitNewHireFormAndValidateActivateButton -->
</testsuite> <!-- com.newHire.NewHireTest -->
