<?xml version="1.0" encoding="UTF-8"?>
<!-- Generated by org.testng.reporters.JUnitReportReporter -->
<testsuite skipped="0" hostname="SYSTEM-72" name="com.orgDesignData.LegalEntityManagementTest" tests="8" failures="1" timestamp="28 Oct 2019 03:16:24 GMT" time="58.611" errors="0">
  <testcase name="submitFormWithKeepingLegalEntityNameBlank" time="6.880" classname="com.orgDesignData.LegalEntityManagementTest"/>
  <testcase name="submitFormWithoutPickingCountry" time="4.514" classname="com.orgDesignData.LegalEntityManagementTest"/>
  <testcase name="submitNewLegalEntityAndVerify" time="10.358" classname="com.orgDesignData.LegalEntityManagementTest"/>
  <testcase name="submitExistingLegalEntity" time="13.671" classname="com.orgDesignData.LegalEntityManagementTest">
    <failure type="java.lang.AssertionError" message="expected [Same legal entity name already exist] but found []">
      <![CDATA[java.lang.AssertionError: expected [Same legal entity name already exist] but found []
at org.testng.Assert.fail(Assert.java:96)
at org.testng.Assert.failNotEquals(Assert.java:776)
at org.testng.Assert.assertEqualsImpl(Assert.java:137)
at org.testng.Assert.assertEquals(Assert.java:118)
at org.testng.Assert.assertEquals(Assert.java:453)
at org.testng.Assert.assertEquals(Assert.java:463)
at com.orgDesignData.LegalEntityManagementTest.submitExistingLegalEntity(LegalEntityManagementTest.java:147)
at sun.reflect.NativeMethodAccessorImpl.invoke0(Native Method)
at sun.reflect.NativeMethodAccessorImpl.invoke(Unknown Source)
at sun.reflect.DelegatingMethodAccessorImpl.invoke(Unknown Source)
at java.lang.reflect.Method.invoke(Unknown Source)
at org.testng.internal.MethodInvocationHelper.invokeMethod(MethodInvocationHelper.java:124)
at org.testng.internal.Invoker.invokeMethod(Invoker.java:583)
at org.testng.internal.Invoker.invokeTestMethod(Invoker.java:719)
at org.testng.internal.Invoker.invokeTestMethods(Invoker.java:989)
at org.testng.internal.TestMethodWorker.invokeTestMethods(TestMethodWorker.java:125)
at org.testng.internal.TestMethodWorker.run(TestMethodWorker.java:109)
at org.testng.TestRunner.privateRun(TestRunner.java:648)
at org.testng.TestRunner.run(TestRunner.java:505)
at org.testng.SuiteRunner.runTest(SuiteRunner.java:455)
at org.testng.SuiteRunner.runSequentially(SuiteRunner.java:450)
at org.testng.SuiteRunner.privateRun(SuiteRunner.java:415)
at org.testng.SuiteRunner.run(SuiteRunner.java:364)
at org.testng.SuiteRunnerWorker.runSuite(SuiteRunnerWorker.java:52)
at org.testng.SuiteRunnerWorker.run(SuiteRunnerWorker.java:84)
at org.testng.TestNG.runSuitesSequentially(TestNG.java:1208)
at org.testng.TestNG.runSuitesLocally(TestNG.java:1137)
at org.testng.TestNG.runSuites(TestNG.java:1049)
at org.testng.TestNG.run(TestNG.java:1017)
at org.testng.remote.AbstractRemoteTestNG.run(AbstractRemoteTestNG.java:115)
at org.testng.remote.RemoteTestNG.initAndRun(RemoteTestNG.java:251)
at org.testng.remote.RemoteTestNG.main(RemoteTestNG.java:77)
]]>
    </failure>
  </testcase> <!-- submitExistingLegalEntity -->
  <testcase name="verifyAdminOption" time="1.983" classname="com.orgDesignData.LegalEntityManagementTest"/>
  <testcase name="printAndVerifyAdminValues" time="7.784" classname="com.orgDesignData.LegalEntityManagementTest"/>
  <testcase name="submitFormWithKeepingRemarksBlank" time="7.076" classname="com.orgDesignData.LegalEntityManagementTest"/>
  <testcase name="submitFormWithoutPickingEffectiveFromDate" time="6.345" classname="com.orgDesignData.LegalEntityManagementTest"/>
</testsuite> <!-- com.orgDesignData.LegalEntityManagementTest -->
