<?xml version="1.0" encoding="UTF-8"?>
<!-- Generated by org.testng.reporters.JUnitReportReporter -->
<testsuite skipped="0" hostname="SYSTEM-72" name="com.newHire.NewHireTest" tests="1" failures="0" timestamp="13 Oct 2019 17:42:32 GMT" time="83.541" errors="0">
  <testcase name="makeBothDOB_JoiningDateEqualAndverifyError" time="83.541" classname="com.newHire.NewHireTest"/>
</testsuite> <!-- com.newHire.NewHireTest -->
