<?xml version="1.0" encoding="UTF-8"?>
<!-- Generated by org.testng.reporters.JUnitReportReporter -->
<testsuite skipped="1" hostname="SYSTEM-72" name="com.compensationItems.CompItemGroupsTest" tests="2" failures="0" timestamp="01 Oct 2019 17:09:37 GMT" time="6.995" errors="0">
  <testcase name="submitNewCompensationGroup" time="6.995" classname="com.compensationItems.CompItemGroupsTest"/>
  <testcase name="submitAnexistingCompensationGroup" classname="com.compensationItems.CompItemGroupsTest">
    <skipped/>
  </testcase> <!-- submitAnexistingCompensationGroup -->
</testsuite> <!-- com.compensationItems.CompItemGroupsTest -->
