<?xml version="1.0" encoding="UTF-8"?>
<!-- Generated by org.testng.reporters.JUnitReportReporter -->
<testsuite skipped="0" hostname="SYSTEM-72" name="com.separation.AdminSeparationRequestTest" tests="1" failures="0" timestamp="20 Jan 2020 05:32:46 GMT" time="9.321" errors="0">
  <testcase name="verifyInitiatedAndRelieveText" time="9.321" classname="com.separation.AdminSeparationRequestTest"/>
</testsuite> <!-- com.separation.AdminSeparationRequestTest -->
