<?xml version="1.0" encoding="UTF-8"?>
<!-- Generated by org.testng.reporters.JUnitReportReporter -->
<testsuite skipped="0" hostname="SYSTEM-72" name="com.orgDesignData.LegalEntityManagementTest" tests="1" failures="0" timestamp="28 Oct 2019 06:10:49 GMT" time="7.195" errors="0">
  <testcase name="clickEditIconAndSubmitWithoutModifying" time="7.195" classname="com.orgDesignData.LegalEntityManagementTest"/>
</testsuite> <!-- com.orgDesignData.LegalEntityManagementTest -->
