<?xml version="1.0" encoding="UTF-8"?>
<!-- Generated by org.testng.reporters.JUnitReportReporter -->
<testsuite skipped="0" hostname="SYSTEM-72" name="com.newHire.NewHireTestEE" tests="1" failures="0" timestamp="15 Jun 2020 04:30:38 GMT" time="92.649" errors="0">
  <testcase name="submitNewHireFormAndValidate" time="92.649" classname="com.newHire.NewHireTestEE"/>
</testsuite> <!-- com.newHire.NewHireTestEE -->
