<?xml version="1.0" encoding="UTF-8"?>
<!-- Generated by org.testng.reporters.JUnitReportReporter -->
<testsuite skipped="0" hostname="SYSTEM-72" name="com.newHire.NewHireTestBluestone" tests="1" failures="0" timestamp="31 Aug 2020 19:25:55 GMT" time="8.713" errors="0">
  <testcase name="modifyAndVerifyOfficialEmail" time="8.713" classname="com.newHire.NewHireTestBluestone"/>
</testsuite> <!-- com.newHire.NewHireTestBluestone -->
