<?xml version="1.0" encoding="UTF-8"?>
<!-- Generated by org.testng.reporters.JUnitReportReporter -->
<testsuite skipped="0" hostname="SYSTEM-72" name="com.orgDesignData.LegalEntityManagementTest" tests="1" failures="0" timestamp="24 Oct 2019 16:42:37 GMT" time="12.015" errors="0">
  <testcase name="submitFormWithKeepingRemarksBlank" time="12.015" classname="com.orgDesignData.LegalEntityManagementTest"/>
</testsuite> <!-- com.orgDesignData.LegalEntityManagementTest -->
