<?xml version="1.0" encoding="UTF-8"?>
<!-- Generated by org.testng.reporters.JUnitReportReporter -->
<testsuite skipped="1" hostname="SYSTEM-72" name="com.newHire.NewHireTest" tests="2" failures="0" timestamp="04 Dec 2019 12:31:31 GMT" time="111.185" errors="0">
  <testcase name="submitNewHireFormAndValidateActivateButton" time="111.185" classname="com.newHire.NewHireTest"/>
  <testcase name="markAttendance" classname="com.newHire.NewHireTest">
    <skipped/>
  </testcase> <!-- markAttendance -->
</testsuite> <!-- com.newHire.NewHireTest -->
