<?xml version="1.0" encoding="UTF-8"?>
<!-- Generated by org.testng.reporters.JUnitReportReporter -->
<testsuite skipped="0" hostname="SYSTEM-72" name="com.newHire.NewHireTestMUJ" tests="1" failures="0" timestamp="15 Jun 2020 06:14:48 GMT" time="87.733" errors="0">
  <testcase name="submitNewHireFormAndValidate" time="87.733" classname="com.newHire.NewHireTestMUJ"/>
</testsuite> <!-- com.newHire.NewHireTestMUJ -->
