<?xml version="1.0" encoding="UTF-8"?>
<!-- Generated by org.testng.reporters.JUnitReportReporter -->
<testsuite skipped="0" hostname="SYSTEM-72" name="com.newHire.NewHireTestBluestone" tests="1" failures="0" timestamp="08 Jun 2020 11:10:08 GMT" time="54.475" errors="0">
  <testcase name="submitNewHireFormAndValidate" time="54.475" classname="com.newHire.NewHireTestBluestone"/>
</testsuite> <!-- com.newHire.NewHireTestBluestone -->
