<?xml version="1.0" encoding="UTF-8"?>
<!-- Generated by org.testng.reporters.JUnitReportReporter -->
<testsuite skipped="1" hostname="SYSTEM-72" name="com.newHire.NewHireTestToyota" tests="2" failures="0" timestamp="22 Sep 2020 06:09:58 GMT" time="89.053" errors="0">
  <testcase name="submitNewHireFormAndValidate" time="89.053" classname="com.newHire.NewHireTestToyota"/>
  <testcase name="submitCovidFormAndVerify" classname="com.newHire.NewHireTestToyota">
    <skipped/>
  </testcase> <!-- submitCovidFormAndVerify -->
</testsuite> <!-- com.newHire.NewHireTestToyota -->
