<?xml version="1.0" encoding="UTF-8"?>
<!-- Generated by org.testng.reporters.JUnitReportReporter -->
<testsuite skipped="0" hostname="SYSTEM-72" name="com.leave.employee.EmployeeLeaveTestNextgen" tests="2" failures="0" timestamp="14 Oct 2020 08:42:51 GMT" time="39.319" errors="0">
  <testcase name="ApplyAndApproveAdoptionLeave" time="22.604" classname="com.leave.employee.EmployeeLeaveTestNextgen"/>
  <testcase name="applyAndReject" time="16.715" classname="com.leave.employee.EmployeeLeaveTestNextgen"/>
</testsuite> <!-- com.leave.employee.EmployeeLeaveTestNextgen -->
