<?xml version="1.0" encoding="UTF-8"?>
<!-- Generated by org.testng.reporters.JUnitReportReporter -->
<testsuite skipped="0" hostname="SYSTEM-72" name="com.newHire.NewHireTestNextgen" tests="1" failures="0" timestamp="10 Jun 2020 12:36:08 GMT" time="88.440" errors="0">
  <testcase name="submitNewHireFormAndValidate" time="88.440" classname="com.newHire.NewHireTestNextgen"/>
</testsuite> <!-- com.newHire.NewHireTestNextgen -->
