<?xml version="1.0" encoding="UTF-8"?>
<!-- Generated by org.testng.reporters.JUnitReportReporter -->
<testsuite skipped="1" hostname="SYSTEM-72" name="com.newHire.NewHireTestBluestone" tests="2" failures="0" timestamp="05 Jul 2020 10:58:22 GMT" time="17.844" errors="0">
  <testcase name="validateCompensation" time="17.844" classname="com.newHire.NewHireTestBluestone"/>
  <testcase name="submitNewHireFormAndValidate" classname="com.newHire.NewHireTestBluestone">
    <skipped/>
  </testcase> <!-- submitNewHireFormAndValidate -->
</testsuite> <!-- com.newHire.NewHireTestBluestone -->
