<?xml version="1.0" encoding="UTF-8"?>
<!-- Generated by org.testng.reporters.JUnitReportReporter -->
<testsuite skipped="1" hostname="SYSTEM-72" name="com.newHire.NewHireTestBluestone" tests="7" failures="0" timestamp="03 Sep 2020 05:54:25 GMT" time="92.827" errors="0">
  <testcase name="submitNewHireFormAndValidate" time="57.723" classname="com.newHire.NewHireTestBluestone"/>
  <testcase name="employmentStatusMandatory" time="8.955" classname="com.newHire.NewHireTestBluestone"/>
  <testcase name="validateCompensation" time="7.251" classname="com.newHire.NewHireTestBluestone"/>
  <testcase name="addAndVerifyShiftIndicator" time="7.183" classname="com.newHire.NewHireTestBluestone"/>
  <testcase name="gradeMandatory" time="4.728" classname="com.newHire.NewHireTestBluestone"/>
  <testcase name="addAndVerifyBadgeId" time="6.987" classname="com.newHire.NewHireTestBluestone"/>
  <testcase name="submitBankDetailsAndVerify" classname="com.newHire.NewHireTestBluestone">
    <skipped/>
  </testcase> <!-- submitBankDetailsAndVerify -->
</testsuite> <!-- com.newHire.NewHireTestBluestone -->
