<?xml version="1.0" encoding="UTF-8"?>
<!-- Generated by org.testng.reporters.JUnitReportReporter -->
<testsuite skipped="0" hostname="SYSTEM-72" name="com.leave.employee.EmployeeLeaveTestIPE" tests="2" failures="0" timestamp="14 Oct 2020 08:57:48 GMT" time="43.885" errors="0">
  <testcase name="ApplyAndApproveAdoptionLeave" time="25.763" classname="com.leave.employee.EmployeeLeaveTestIPE"/>
  <testcase name="applyAndReject" time="18.122" classname="com.leave.employee.EmployeeLeaveTestIPE"/>
</testsuite> <!-- com.leave.employee.EmployeeLeaveTestIPE -->
