<?xml version="1.0" encoding="UTF-8"?>
<!-- Generated by org.testng.reporters.JUnitReportReporter -->
<testsuite skipped="0" hostname="SYSTEM-72" name="com.newHire.NewHireTestBluestone" tests="1" failures="0" timestamp="21 Aug 2020 14:13:22 GMT" time="9.580" errors="0">
  <testcase name="employmentTypeMandatory" time="9.580" classname="com.newHire.NewHireTestBluestone"/>
</testsuite> <!-- com.newHire.NewHireTestBluestone -->
