<?xml version="1.0" encoding="UTF-8"?>
<!-- Generated by org.testng.reporters.JUnitReportReporter -->
<testsuite skipped="0" hostname="SYSTEM-72" name="com.orgDesignData.CostCenterManagementTest" tests="1" failures="0" timestamp="29 Sep 2019 18:31:15 GMT" time="0.020" errors="0">
  <testcase name="submitNewLegalEntity" time="0.020" classname="com.orgDesignData.CostCenterManagementTest"/>
</testsuite> <!-- com.orgDesignData.CostCenterManagementTest -->
