<?xml version="1.0" encoding="UTF-8"?>
<!-- Generated by org.testng.reporters.JUnitReportReporter -->
<testsuite skipped="0" hostname="SYSTEM-72" name="com.newHire.NewHireTestMoonraft" tests="1" failures="0" timestamp="08 Jul 2020 09:25:36 GMT" time="94.301" errors="0">
  <testcase name="submitNewHireFormAndValidate" time="94.301" classname="com.newHire.NewHireTestMoonraft"/>
</testsuite> <!-- com.newHire.NewHireTestMoonraft -->
