<?xml version="1.0" encoding="UTF-8"?>
<!-- Generated by org.testng.reporters.JUnitReportReporter -->
<testsuite skipped="0" hostname="SYSTEM-72" name="com.orgDesignData.LegalEntityManagementTest" tests="1" failures="0" timestamp="02 Nov 2019 06:43:08 GMT" time="5.992" errors="0">
  <testcase name="verifyAddNewTooltip" time="5.992" classname="com.orgDesignData.LegalEntityManagementTest"/>
</testsuite> <!-- com.orgDesignData.LegalEntityManagementTest -->
