<?xml version="1.0" encoding="UTF-8"?>
<!-- Generated by org.testng.reporters.JUnitReportReporter -->
<testsuite skipped="0" hostname="SYSTEM-72" name="com.orgDesignData.CostCenterManagementTest" tests="1" failures="0" timestamp="01 Oct 2019 03:24:59 GMT" time="9.272" errors="0">
  <testcase name="submitNewCostCenter" time="9.272" classname="com.orgDesignData.CostCenterManagementTest"/>
</testsuite> <!-- com.orgDesignData.CostCenterManagementTest -->
