<?xml version="1.0" encoding="UTF-8"?>
<!-- Generated by org.testng.reporters.JUnitReportReporter -->
<testsuite skipped="0" hostname="SYSTEM-72" name="com.newHire.NewHireTest" tests="1" failures="0" timestamp="09 Oct 2019 17:36:49 GMT" time="47.221" errors="0">
  <testcase name="submitNewHireFormAndValidateActivateButton" time="47.221" classname="com.newHire.NewHireTest"/>
</testsuite> <!-- com.newHire.NewHireTest -->
