<?xml version="1.0" encoding="UTF-8"?>
<!-- Generated by org.testng.reporters.JUnitReportReporter -->
<testsuite skipped="0" hostname="SYSTEM-72" name="com.newHire.NewHireTestEE" tests="1" failures="0" timestamp="21 Aug 2020 07:30:08 GMT" time="12.336" errors="0">
  <testcase name="verifyTitleDropdownValues" time="12.336" classname="com.newHire.NewHireTestEE"/>
</testsuite> <!-- com.newHire.NewHireTestEE -->
