<?xml version="1.0" encoding="UTF-8"?>
<!-- Generated by org.testng.reporters.JUnitReportReporter -->
<testsuite skipped="0" hostname="SYSTEM-72" name="com.leave.EmpLeaveApplyTestToyota" tests="2" failures="0" timestamp="13 Oct 2020 11:09:14 GMT" time="45.174" errors="0">
  <testcase name="ApplyAndApproveEL" time="26.773" classname="com.leave.EmpLeaveApplyTestToyota"/>
  <testcase name="applyAndReject" time="18.401" classname="com.leave.EmpLeaveApplyTestToyota"/>
</testsuite> <!-- com.leave.EmpLeaveApplyTestToyota -->
