<?xml version="1.0" encoding="UTF-8"?>
<!-- Generated by org.testng.reporters.JUnitReportReporter -->
<testsuite skipped="0" hostname="SYSTEM-72" name="com.newHire.NewHireTest" tests="3" failures="0" timestamp="10 Oct 2019 13:20:18 GMT" time="13.457" errors="0">
  <testcase name="pickCountrySingaporeAndValidateLocation" time="3.528" classname="com.newHire.NewHireTest"/>
  <testcase name="pickCountryUAEAndValidateLocation" time="5.770" classname="com.newHire.NewHireTest"/>
  <testcase name="pickCountrySriLankaAndValidateLocation" time="4.159" classname="com.newHire.NewHireTest"/>
</testsuite> <!-- com.newHire.NewHireTest -->
