<?xml version="1.0" encoding="UTF-8"?>
<!-- Generated by org.testng.reporters.JUnitReportReporter -->
<testsuite skipped="0" hostname="SYSTEM-72" name="com.newHire.NewHireTestBluestone" tests="1" failures="0" timestamp="23 Aug 2020 13:14:35 GMT" time="8.630" errors="0">
  <testcase name="submitContactDetailsAndValidate" time="8.630" classname="com.newHire.NewHireTestBluestone"/>
</testsuite> <!-- com.newHire.NewHireTestBluestone -->
