<?xml version="1.0" encoding="UTF-8"?>
<!-- Generated by org.testng.reporters.JUnitReportReporter -->
<testsuite skipped="0" hostname="SYSTEM-72" name="com.newHire.NewHireTestToyota" tests="1" failures="0" timestamp="29 Jun 2020 04:33:41 GMT" time="90.959" errors="0">
  <testcase name="submitNewHireFormAndValidate" time="90.959" classname="com.newHire.NewHireTestToyota"/>
</testsuite> <!-- com.newHire.NewHireTestToyota -->
