<?xml version="1.0" encoding="UTF-8"?>
<!-- Generated by org.testng.reporters.JUnitReportReporter -->
<testsuite skipped="0" hostname="SYSTEM-72" name="com.leave.employee.EmployeeLeaveTestION" tests="2" failures="0" timestamp="14 Oct 2020 08:48:26 GMT" time="41.196" errors="0">
  <testcase name="ApplyAndApproveAdoptionLeave" time="24.259" classname="com.leave.employee.EmployeeLeaveTestION"/>
  <testcase name="applyAndReject" time="16.937" classname="com.leave.employee.EmployeeLeaveTestION"/>
</testsuite> <!-- com.leave.employee.EmployeeLeaveTestION -->
