<?xml version="1.0" encoding="UTF-8"?>
<!-- Generated by org.testng.reporters.JUnitReportReporter -->
<testsuite skipped="0" hostname="SYSTEM-72" name="com.leave.employee.EmployeeLeaveTestBluestone" tests="2" failures="0" timestamp="14 Oct 2020 04:29:27 GMT" time="49.341" errors="0">
  <testcase name="ApplyAndApproveAdoptionLeave" time="27.572" classname="com.leave.employee.EmployeeLeaveTestBluestone"/>
  <testcase name="applyAndReject" time="21.769" classname="com.leave.employee.EmployeeLeaveTestBluestone"/>
</testsuite> <!-- com.leave.employee.EmployeeLeaveTestBluestone -->
