<?xml version="1.0" encoding="UTF-8"?>
<!-- Generated by org.testng.reporters.JUnitReportReporter -->
<testsuite skipped="0" hostname="SYSTEM-72" name="com.orgDesignData.CostCenterManagementTest" tests="1" failures="0" timestamp="30 Sep 2019 18:07:48 GMT" time="7.243" errors="0">
  <testcase name="submitNewLegalEntity" time="7.243" classname="com.orgDesignData.CostCenterManagementTest"/>
</testsuite> <!-- com.orgDesignData.CostCenterManagementTest -->
