<?xml version="1.0" encoding="UTF-8"?>
<!-- Generated by org.testng.reporters.JUnitReportReporter -->
<testsuite skipped="0" hostname="SYSTEM-72" name="com.orgDesignData.LegalEntityManagementTest" tests="1" failures="0" timestamp="15 Oct 2019 18:12:32 GMT" time="4.643" errors="0">
  <testcase name="printAndVerifyAdminValues" time="4.643" classname="com.orgDesignData.LegalEntityManagementTest"/>
</testsuite> <!-- com.orgDesignData.LegalEntityManagementTest -->
