<?xml version="1.0" encoding="UTF-8"?>
<!-- Generated by org.testng.reporters.JUnitReportReporter -->
<testsuite skipped="0" hostname="SYSTEM-72" name="com.newHire.NewHireTestIPE" tests="1" failures="0" timestamp="08 Jul 2020 08:57:26 GMT" time="87.610" errors="0">
  <testcase name="submitNewHireFormAndValidate" time="87.610" classname="com.newHire.NewHireTestIPE"/>
</testsuite> <!-- com.newHire.NewHireTestIPE -->
