<?xml version="1.0" encoding="UTF-8"?>
<!-- Generated by org.testng.reporters.JUnitReportReporter -->
<testsuite skipped="0" hostname="SYSTEM-72" name="com.newHire.NewHireTestNextgen" tests="1" failures="0" timestamp="08 Jun 2020 10:22:34 GMT" time="84.370" errors="0">
  <testcase name="submitNewHireFormAndValidate" time="84.370" classname="com.newHire.NewHireTestNextgen"/>
</testsuite> <!-- com.newHire.NewHireTestNextgen -->
