<?xml version="1.0" encoding="UTF-8"?>
<!-- Generated by org.testng.reporters.JUnitReportReporter -->
<testsuite skipped="0" hostname="SYSTEM-72" name="com.leave.employee.EmployeeLeaveTestMoonraft" tests="2" failures="0" timestamp="14 Oct 2020 09:21:14 GMT" time="43.459" errors="0">
  <testcase name="ApplyAndApproveEL" time="24.780" classname="com.leave.employee.EmployeeLeaveTestMoonraft"/>
  <testcase name="applyAndReject" time="18.679" classname="com.leave.employee.EmployeeLeaveTestMoonraft"/>
</testsuite> <!-- com.leave.employee.EmployeeLeaveTestMoonraft -->
