<?xml version="1.0" encoding="UTF-8"?>
<!-- Generated by org.testng.reporters.JUnitReportReporter -->
<testsuite skipped="0" hostname="SYSTEM-72" name="com.newHire.NewHireTestION" tests="1" failures="0" timestamp="08 Jul 2020 08:43:02 GMT" time="69.359" errors="0">
  <testcase name="submitNewHireFormAndValidate" time="69.359" classname="com.newHire.NewHireTestION"/>
</testsuite> <!-- com.newHire.NewHireTestION -->
