<?xml version="1.0" encoding="UTF-8"?>
<!-- Generated by org.testng.reporters.JUnitReportReporter -->
<testsuite skipped="0" hostname="SYSTEM-72" name="com.newHire.NewHireTestMoonraft" tests="1" failures="0" timestamp="14 Jun 2020 11:31:07 GMT" time="87.800" errors="0">
  <testcase name="submitNewHireFormAndValidate" time="87.800" classname="com.newHire.NewHireTestMoonraft"/>
</testsuite> <!-- com.newHire.NewHireTestMoonraft -->
